2018-06-18-06:49:39 情報 com.github.saka1029.gis.height.Interpolator interpolate: start
2018-06-18-06:49:39 情報 com.github.saka1029.gis.height.Interpolator interpolate: 29092-12900-15.bin
2018-06-18-06:49:39 情報 com.github.saka1029.gis.height.Interpolator interpolate: 29093-12901-15.bin
2018-06-18-06:49:40 情報 com.github.saka1029.gis.height.Interpolator interpolate: 29094-12902-15.bin
2018-06-18-06:49:40 情報 com.github.saka1029.gis.height.Interpolator interpolate: 29095-12903-15.bin
2018-06-18-06:49:41 情報 com.github.saka1029.gis.height.Interpolator interpolate: 29096-12904-15.bin
2018-06-18-06:49:41 情報 com.github.saka1029.gis.height.Interpolator interpolate: 29092-12901-15.bin
2018-06-18-06:49:41 情報 com.github.saka1029.gis.height.Interpolator interpolate: 29093-12900-15.bin
2018-06-18-06:49:42 情報 com.github.saka1029.gis.height.Interpolator interpolate: 29094-12903-15.bin
2018-06-18-06:49:42 情報 com.github.saka1029.gis.height.Interpolator interpolate: 29095-12902-15.bin
2018-06-18-06:49:42 情報 com.github.saka1029.gis.height.Interpolator interpolate: 29097-12904-15.bin
2018-06-18-06:49:42 情報 com.github.saka1029.gis.height.Interpolator interpolate: 29092-12902-15.bin
2018-06-18-06:49:42 情報 com.github.saka1029.gis.height.Interpolator interpolate: 29093-12903-15.bin
2018-06-18-06:49:42 情報 com.github.saka1029.gis.height.Interpolator interpolate: 29094-12900-15.bin
2018-06-18-06:49:42 情報 com.github.saka1029.gis.height.Interpolator interpolate: 29095-12901-15.bin
2018-06-18-06:49:42 情報 com.github.saka1029.gis.height.Interpolator interpolate: 29098-12904-15.bin
2018-06-18-06:49:42 情報 com.github.saka1029.gis.height.Interpolator interpolate: 29092-12903-15.bin
2018-06-18-06:49:42 情報 com.github.saka1029.gis.height.Interpolator interpolate: 29093-12902-15.bin
2018-06-18-06:49:43 情報 com.github.saka1029.gis.height.Interpolator interpolate: 29094-12901-15.bin
2018-06-18-06:49:43 情報 com.github.saka1029.gis.height.Interpolator interpolate: 29095-12900-15.bin
2018-06-18-06:49:43 情報 com.github.saka1029.gis.height.Interpolator interpolate: 29099-12904-15.bin
2018-06-18-06:49:43 情報 com.github.saka1029.gis.height.Interpolator interpolate: 29092-12896-15.bin
2018-06-18-06:49:43 情報 com.github.saka1029.gis.height.Interpolator interpolate: 29093-12897-15.bin
2018-06-18-06:49:43 情報 com.github.saka1029.gis.height.Interpolator interpolate: 29094-12898-15.bin
2018-06-18-06:49:43 情報 com.github.saka1029.gis.height.Interpolator interpolate: 29095-12899-15.bin
2018-06-18-06:49:43 情報 com.github.saka1029.gis.height.Interpolator interpolate: 29100-12904-15.bin
2018-06-18-06:49:43 情報 com.github.saka1029.gis.height.Interpolator interpolate: 29092-12897-15.bin
2018-06-18-06:49:43 情報 com.github.saka1029.gis.height.Interpolator interpolate: 29093-12896-15.bin
2018-06-18-06:49:43 情報 com.github.saka1029.gis.height.Interpolator interpolate: 29094-12899-15.bin
2018-06-18-06:49:44 情報 com.github.saka1029.gis.height.Interpolator interpolate: 29095-12898-15.bin
2018-06-18-06:49:44 情報 com.github.saka1029.gis.height.Interpolator interpolate: 29101-12904-15.bin
2018-06-18-06:49:44 情報 com.github.saka1029.gis.height.Interpolator interpolate: 29092-12898-15.bin
2018-06-18-06:49:44 情報 com.github.saka1029.gis.height.Interpolator interpolate: 29093-12899-15.bin
2018-06-18-06:49:44 情報 com.github.saka1029.gis.height.Interpolator interpolate: 29094-12896-15.bin
2018-06-18-06:49:44 情報 com.github.saka1029.gis.height.Interpolator interpolate: 29095-12897-15.bin
2018-06-18-06:49:44 情報 com.github.saka1029.gis.height.Interpolator interpolate: 29102-12904-15.bin
2018-06-18-06:49:44 情報 com.github.saka1029.gis.height.Interpolator interpolate: 29092-12899-15.bin
2018-06-18-06:49:44 情報 com.github.saka1029.gis.height.Interpolator interpolate: 29093-12898-15.bin
2018-06-18-06:49:44 情報 com.github.saka1029.gis.height.Interpolator interpolate: 29094-12897-15.bin
2018-06-18-06:49:44 情報 com.github.saka1029.gis.height.Interpolator interpolate: 29095-12896-15.bin
2018-06-18-06:49:45 情報 com.github.saka1029.gis.height.Interpolator interpolate: 29103-12904-15.bin
2018-06-18-06:49:45 情報 com.github.saka1029.gis.height.Interpolator interpolate: 29096-12896-15.bin
2018-06-18-06:49:45 情報 com.github.saka1029.gis.height.Interpolator interpolate: 29097-12897-15.bin
2018-06-18-06:49:45 情報 com.github.saka1029.gis.height.Interpolator interpolate: 29098-12898-15.bin
2018-06-18-06:49:45 情報 com.github.saka1029.gis.height.Interpolator interpolate: 29099-12899-15.bin
2018-06-18-06:49:45 情報 com.github.saka1029.gis.height.Interpolator interpolate: 29100-12900-15.bin
2018-06-18-06:49:45 情報 com.github.saka1029.gis.height.Interpolator interpolate: 29101-12901-15.bin
2018-06-18-06:49:45 情報 com.github.saka1029.gis.height.Interpolator interpolate: 29102-12902-15.bin
2018-06-18-06:49:45 情報 com.github.saka1029.gis.height.Interpolator interpolate: 29103-12903-15.bin
2018-06-18-06:49:45 情報 com.github.saka1029.gis.height.Interpolator interpolate: 29096-12897-15.bin
2018-06-18-06:49:46 情報 com.github.saka1029.gis.height.Interpolator interpolate: 29097-12896-15.bin
2018-06-18-06:49:46 情報 com.github.saka1029.gis.height.Interpolator interpolate: 29098-12899-15.bin
2018-06-18-06:49:46 情報 com.github.saka1029.gis.height.Interpolator interpolate: 29099-12898-15.bin
2018-06-18-06:49:46 情報 com.github.saka1029.gis.height.Interpolator interpolate: 29100-12901-15.bin
2018-06-18-06:49:46 情報 com.github.saka1029.gis.height.Interpolator interpolate: 29101-12900-15.bin
2018-06-18-06:49:46 情報 com.github.saka1029.gis.height.Interpolator interpolate: 29102-12903-15.bin
2018-06-18-06:49:46 情報 com.github.saka1029.gis.height.Interpolator interpolate: 29103-12902-15.bin
2018-06-18-06:49:46 情報 com.github.saka1029.gis.height.Interpolator interpolate: 29096-12898-15.bin
2018-06-18-06:49:46 情報 com.github.saka1029.gis.height.Interpolator interpolate: 29097-12899-15.bin
2018-06-18-06:49:47 情報 com.github.saka1029.gis.height.Interpolator interpolate: 29098-12896-15.bin
2018-06-18-06:49:47 情報 com.github.saka1029.gis.height.Interpolator interpolate: 29099-12897-15.bin
2018-06-18-06:49:47 情報 com.github.saka1029.gis.height.Interpolator interpolate: 29100-12902-15.bin
2018-06-18-06:49:47 情報 com.github.saka1029.gis.height.Interpolator interpolate: 29101-12903-15.bin
2018-06-18-06:49:47 情報 com.github.saka1029.gis.height.Interpolator interpolate: 29102-12900-15.bin
2018-06-18-06:49:47 情報 com.github.saka1029.gis.height.Interpolator interpolate: 29103-12901-15.bin
2018-06-18-06:49:48 情報 com.github.saka1029.gis.height.Interpolator interpolate: 29096-12899-15.bin
2018-06-18-06:49:48 情報 com.github.saka1029.gis.height.Interpolator interpolate: 29097-12898-15.bin
2018-06-18-06:49:48 情報 com.github.saka1029.gis.height.Interpolator interpolate: 29098-12897-15.bin
2018-06-18-06:49:48 情報 com.github.saka1029.gis.height.Interpolator interpolate: 29099-12896-15.bin
2018-06-18-06:49:48 情報 com.github.saka1029.gis.height.Interpolator interpolate: 29100-12903-15.bin
2018-06-18-06:49:48 情報 com.github.saka1029.gis.height.Interpolator interpolate: 29101-12902-15.bin
2018-06-18-06:49:48 情報 com.github.saka1029.gis.height.Interpolator interpolate: 29102-12901-15.bin
2018-06-18-06:49:48 情報 com.github.saka1029.gis.height.Interpolator interpolate: 29103-12900-15.bin
2018-06-18-06:49:49 情報 com.github.saka1029.gis.height.Interpolator interpolate: 29098-12902-15.bin
2018-06-18-06:49:49 情報 com.github.saka1029.gis.height.Interpolator interpolate: 29092-12904-15.bin
2018-06-18-06:49:49 情報 com.github.saka1029.gis.height.Interpolator interpolate: 29096-12900-15.bin
2018-06-18-06:49:49 情報 com.github.saka1029.gis.height.Interpolator interpolate: 29097-12901-15.bin
2018-06-18-06:49:49 情報 com.github.saka1029.gis.height.Interpolator interpolate: 29099-12903-15.bin
2018-06-18-06:49:49 情報 com.github.saka1029.gis.height.Interpolator interpolate: 29100-12896-15.bin
2018-06-18-06:49:49 情報 com.github.saka1029.gis.height.Interpolator interpolate: 29101-12897-15.bin
2018-06-18-06:49:50 情報 com.github.saka1029.gis.height.Interpolator interpolate: 29102-12898-15.bin
2018-06-18-06:49:50 情報 com.github.saka1029.gis.height.Interpolator interpolate: 29103-12899-15.bin
2018-06-18-06:49:50 情報 com.github.saka1029.gis.height.Interpolator interpolate: 29098-12903-15.bin
2018-06-18-06:49:50 情報 com.github.saka1029.gis.height.Interpolator interpolate: 29093-12904-15.bin
2018-06-18-06:49:51 情報 com.github.saka1029.gis.height.Interpolator interpolate: 29096-12901-15.bin
2018-06-18-06:49:51 情報 com.github.saka1029.gis.height.Interpolator interpolate: 29097-12900-15.bin
2018-06-18-06:49:51 情報 com.github.saka1029.gis.height.Interpolator interpolate: 29099-12902-15.bin
2018-06-18-06:49:51 情報 com.github.saka1029.gis.height.Interpolator interpolate: 29100-12897-15.bin
2018-06-18-06:49:51 情報 com.github.saka1029.gis.height.Interpolator interpolate: 29101-12896-15.bin
2018-06-18-06:49:51 情報 com.github.saka1029.gis.height.Interpolator interpolate: 29102-12899-15.bin
2018-06-18-06:49:52 情報 com.github.saka1029.gis.height.Interpolator interpolate: 29103-12898-15.bin
2018-06-18-06:49:52 情報 com.github.saka1029.gis.height.Interpolator interpolate: 29098-12900-15.bin
2018-06-18-06:49:52 情報 com.github.saka1029.gis.height.Interpolator interpolate: 29094-12904-15.bin
2018-06-18-06:49:52 情報 com.github.saka1029.gis.height.Interpolator interpolate: 29096-12902-15.bin
2018-06-18-06:49:52 情報 com.github.saka1029.gis.height.Interpolator interpolate: 29097-12903-15.bin
2018-06-18-06:49:52 情報 com.github.saka1029.gis.height.Interpolator interpolate: 29099-12901-15.bin
2018-06-18-06:49:53 情報 com.github.saka1029.gis.height.Interpolator interpolate: 29100-12898-15.bin
2018-06-18-06:49:53 情報 com.github.saka1029.gis.height.Interpolator interpolate: 29101-12899-15.bin
2018-06-18-06:49:53 情報 com.github.saka1029.gis.height.Interpolator interpolate: 29102-12896-15.bin
2018-06-18-06:49:53 情報 com.github.saka1029.gis.height.Interpolator interpolate: 29103-12897-15.bin
2018-06-18-06:49:53 情報 com.github.saka1029.gis.height.Interpolator interpolate: 29098-12901-15.bin
2018-06-18-06:49:53 情報 com.github.saka1029.gis.height.Interpolator interpolate: 29095-12904-15.bin
2018-06-18-06:49:54 情報 com.github.saka1029.gis.height.Interpolator interpolate: 29096-12903-15.bin
2018-06-18-06:49:54 情報 com.github.saka1029.gis.height.Interpolator interpolate: 29097-12902-15.bin
2018-06-18-06:49:54 情報 com.github.saka1029.gis.height.Interpolator interpolate: 29099-12900-15.bin
2018-06-18-06:49:54 情報 com.github.saka1029.gis.height.Interpolator interpolate: 29100-12899-15.bin
2018-06-18-06:49:54 情報 com.github.saka1029.gis.height.Interpolator interpolate: 29101-12898-15.bin
2018-06-18-06:49:54 情報 com.github.saka1029.gis.height.Interpolator interpolate: 29102-12897-15.bin
2018-06-18-06:49:54 情報 com.github.saka1029.gis.height.Interpolator interpolate: 29103-12896-15.bin
2018-06-18-06:49:55 情報 com.github.saka1029.gis.height.Interpolator interpolate: 29104-12896-15.bin
2018-06-18-06:49:55 情報 com.github.saka1029.gis.height.Interpolator interpolate: 29104-12897-15.bin
2018-06-18-06:49:55 情報 com.github.saka1029.gis.height.Interpolator interpolate: 29104-12898-15.bin
2018-06-18-06:49:55 情報 com.github.saka1029.gis.height.Interpolator interpolate: 29104-12899-15.bin
2018-06-18-06:49:56 情報 com.github.saka1029.gis.height.Interpolator interpolate: 29104-12900-15.bin
2018-06-18-06:49:56 情報 com.github.saka1029.gis.height.Interpolator interpolate: 29104-12901-15.bin
2018-06-18-06:49:56 情報 com.github.saka1029.gis.height.Interpolator interpolate: 29104-12902-15.bin
2018-06-18-06:49:56 情報 com.github.saka1029.gis.height.Interpolator interpolate: 29104-12903-15.bin
2018-06-18-06:49:56 情報 com.github.saka1029.gis.height.Interpolator interpolate: 29104-12904-15.bin
2018-06-18-06:49:56 情報 com.github.saka1029.gis.height.Interpolator interpolate: 29104-12895-15.bin
2018-06-18-06:49:56 情報 com.github.saka1029.gis.height.Interpolator interpolate: 29103-12895-15.bin
2018-06-18-06:49:56 情報 com.github.saka1029.gis.height.Interpolator interpolate: 29102-12895-15.bin
2018-06-18-06:49:56 情報 com.github.saka1029.gis.height.Interpolator interpolate: 29101-12895-15.bin
2018-06-18-06:49:56 情報 com.github.saka1029.gis.height.Interpolator interpolate: 29100-12895-15.bin
2018-06-18-06:49:56 情報 com.github.saka1029.gis.height.Interpolator interpolate: 29099-12895-15.bin
2018-06-18-06:49:56 情報 com.github.saka1029.gis.height.Interpolator interpolate: 29098-12895-15.bin
2018-06-18-06:49:56 情報 com.github.saka1029.gis.height.Interpolator interpolate: 29097-12895-15.bin
2018-06-18-06:49:56 情報 com.github.saka1029.gis.height.Interpolator interpolate: 29096-12895-15.bin
2018-06-18-06:49:56 情報 com.github.saka1029.gis.height.Interpolator interpolate: 29095-12895-15.bin
2018-06-18-06:49:56 情報 com.github.saka1029.gis.height.Interpolator interpolate: 29094-12895-15.bin
2018-06-18-06:49:57 情報 com.github.saka1029.gis.height.Interpolator interpolate: 29093-12895-15.bin
2018-06-18-06:49:58 情報 com.github.saka1029.gis.height.Interpolator interpolate: 29092-12895-15.bin
2018-06-18-06:49:58 情報 com.github.saka1029.gis.height.Interpolator interpolate: end
2018-06-18-06:49:58 情報 com.github.saka1029.gis.height.Debug dump: start db = data\interpolated\db outDir = data\interpolated\dump
2018-06-18-06:49:58 情報 com.github.saka1029.gis.height.Debug write: 29092-12900-15.png
2018-06-18-06:49:58 情報 com.github.saka1029.gis.height.Debug write: 29093-12901-15.png
2018-06-18-06:49:58 情報 com.github.saka1029.gis.height.Debug write: 29094-12902-15.png
2018-06-18-06:49:58 情報 com.github.saka1029.gis.height.Debug write: 29095-12903-15.png
2018-06-18-06:49:58 情報 com.github.saka1029.gis.height.Debug write: 29096-12904-15.png
2018-06-18-06:49:59 情報 com.github.saka1029.gis.height.Debug write: 29092-12901-15.png
2018-06-18-06:49:59 情報 com.github.saka1029.gis.height.Debug write: 29093-12900-15.png
2018-06-18-06:49:59 情報 com.github.saka1029.gis.height.Debug write: 29094-12903-15.png
2018-06-18-06:49:59 情報 com.github.saka1029.gis.height.Debug write: 29095-12902-15.png
2018-06-18-06:49:59 情報 com.github.saka1029.gis.height.Debug write: 29097-12904-15.png
2018-06-18-06:49:59 情報 com.github.saka1029.gis.height.Debug write: 29092-12902-15.png
2018-06-18-06:49:59 情報 com.github.saka1029.gis.height.Debug write: 29093-12903-15.png
2018-06-18-06:49:59 情報 com.github.saka1029.gis.height.Debug write: 29094-12900-15.png
2018-06-18-06:49:59 情報 com.github.saka1029.gis.height.Debug write: 29095-12901-15.png
2018-06-18-06:49:59 情報 com.github.saka1029.gis.height.Debug write: 29098-12904-15.png
2018-06-18-06:49:59 情報 com.github.saka1029.gis.height.Debug write: 29092-12903-15.png
2018-06-18-06:49:59 情報 com.github.saka1029.gis.height.Debug write: 29093-12902-15.png
2018-06-18-06:50:00 情報 com.github.saka1029.gis.height.Debug write: 29094-12901-15.png
2018-06-18-06:50:00 情報 com.github.saka1029.gis.height.Debug write: 29095-12900-15.png
2018-06-18-06:50:00 情報 com.github.saka1029.gis.height.Debug write: 29099-12904-15.png
2018-06-18-06:50:00 情報 com.github.saka1029.gis.height.Debug write: 29092-12896-15.png
2018-06-18-06:50:00 情報 com.github.saka1029.gis.height.Debug write: 29093-12897-15.png
2018-06-18-06:50:00 情報 com.github.saka1029.gis.height.Debug write: 29094-12898-15.png
2018-06-18-06:50:00 情報 com.github.saka1029.gis.height.Debug write: 29095-12899-15.png
2018-06-18-06:50:00 情報 com.github.saka1029.gis.height.Debug write: 29100-12904-15.png
2018-06-18-06:50:00 情報 com.github.saka1029.gis.height.Debug write: 29092-12897-15.png
2018-06-18-06:50:01 情報 com.github.saka1029.gis.height.Debug write: 29093-12896-15.png
2018-06-18-06:50:01 情報 com.github.saka1029.gis.height.Debug write: 29094-12899-15.png
2018-06-18-06:50:01 情報 com.github.saka1029.gis.height.Debug write: 29095-12898-15.png
2018-06-18-06:50:01 情報 com.github.saka1029.gis.height.Debug write: 29101-12904-15.png
2018-06-18-06:50:01 情報 com.github.saka1029.gis.height.Debug write: 29092-12898-15.png
2018-06-18-06:50:01 情報 com.github.saka1029.gis.height.Debug write: 29093-12899-15.png
2018-06-18-06:50:01 情報 com.github.saka1029.gis.height.Debug write: 29094-12896-15.png
2018-06-18-06:50:01 情報 com.github.saka1029.gis.height.Debug write: 29095-12897-15.png
2018-06-18-06:50:01 情報 com.github.saka1029.gis.height.Debug write: 29102-12904-15.png
2018-06-18-06:50:01 情報 com.github.saka1029.gis.height.Debug write: 29092-12899-15.png
2018-06-18-06:50:01 情報 com.github.saka1029.gis.height.Debug write: 29093-12898-15.png
2018-06-18-06:50:02 情報 com.github.saka1029.gis.height.Debug write: 29094-12897-15.png
2018-06-18-06:50:02 情報 com.github.saka1029.gis.height.Debug write: 29095-12896-15.png
2018-06-18-06:50:02 情報 com.github.saka1029.gis.height.Debug write: 29103-12904-15.png
2018-06-18-06:50:02 情報 com.github.saka1029.gis.height.Debug write: 29096-12896-15.png
2018-06-18-06:50:02 情報 com.github.saka1029.gis.height.Debug write: 29097-12897-15.png
2018-06-18-06:50:02 情報 com.github.saka1029.gis.height.Debug write: 29098-12898-15.png
2018-06-18-06:50:02 情報 com.github.saka1029.gis.height.Debug write: 29099-12899-15.png
2018-06-18-06:50:02 情報 com.github.saka1029.gis.height.Debug write: 29100-12900-15.png
2018-06-18-06:50:02 情報 com.github.saka1029.gis.height.Debug write: 29101-12901-15.png
2018-06-18-06:50:02 情報 com.github.saka1029.gis.height.Debug write: 29102-12902-15.png
2018-06-18-06:50:03 情報 com.github.saka1029.gis.height.Debug write: 29103-12903-15.png
2018-06-18-06:50:03 情報 com.github.saka1029.gis.height.Debug write: 29096-12897-15.png
2018-06-18-06:50:04 情報 com.github.saka1029.gis.height.Debug write: 29097-12896-15.png
2018-06-18-06:50:04 情報 com.github.saka1029.gis.height.Debug write: 29098-12899-15.png
2018-06-18-06:50:04 情報 com.github.saka1029.gis.height.Debug write: 29099-12898-15.png
2018-06-18-06:50:04 情報 com.github.saka1029.gis.height.Debug write: 29100-12901-15.png
2018-06-18-06:50:04 情報 com.github.saka1029.gis.height.Debug write: 29101-12900-15.png
2018-06-18-06:50:04 情報 com.github.saka1029.gis.height.Debug write: 29102-12903-15.png
2018-06-18-06:50:04 情報 com.github.saka1029.gis.height.Debug write: 29103-12902-15.png
2018-06-18-06:50:04 情報 com.github.saka1029.gis.height.Debug write: 29096-12898-15.png
2018-06-18-06:50:05 情報 com.github.saka1029.gis.height.Debug write: 29097-12899-15.png
2018-06-18-06:50:05 情報 com.github.saka1029.gis.height.Debug write: 29098-12896-15.png
2018-06-18-06:50:05 情報 com.github.saka1029.gis.height.Debug write: 29099-12897-15.png
2018-06-18-06:50:05 情報 com.github.saka1029.gis.height.Debug write: 29100-12902-15.png
2018-06-18-06:50:05 情報 com.github.saka1029.gis.height.Debug write: 29101-12903-15.png
2018-06-18-06:50:05 情報 com.github.saka1029.gis.height.Debug write: 29102-12900-15.png
2018-06-18-06:50:05 情報 com.github.saka1029.gis.height.Debug write: 29103-12901-15.png
2018-06-18-06:50:06 情報 com.github.saka1029.gis.height.Debug write: 29096-12899-15.png
2018-06-18-06:50:08 情報 com.github.saka1029.gis.height.Debug write: 29097-12898-15.png
2018-06-18-06:50:08 情報 com.github.saka1029.gis.height.Debug write: 29098-12897-15.png
2018-06-18-06:50:08 情報 com.github.saka1029.gis.height.Debug write: 29099-12896-15.png
2018-06-18-06:50:08 情報 com.github.saka1029.gis.height.Debug write: 29100-12903-15.png
2018-06-18-06:50:08 情報 com.github.saka1029.gis.height.Debug write: 29101-12902-15.png
2018-06-18-06:50:09 情報 com.github.saka1029.gis.height.Debug write: 29102-12901-15.png
2018-06-18-06:50:09 情報 com.github.saka1029.gis.height.Debug write: 29103-12900-15.png
2018-06-18-06:50:09 情報 com.github.saka1029.gis.height.Debug write: 29098-12902-15.png
2018-06-18-06:50:09 情報 com.github.saka1029.gis.height.Debug write: 29092-12904-15.png
2018-06-18-06:50:09 情報 com.github.saka1029.gis.height.Debug write: 29096-12900-15.png
2018-06-18-06:50:09 情報 com.github.saka1029.gis.height.Debug write: 29097-12901-15.png
2018-06-18-06:50:09 情報 com.github.saka1029.gis.height.Debug write: 29099-12903-15.png
2018-06-18-06:50:09 情報 com.github.saka1029.gis.height.Debug write: 29100-12896-15.png
2018-06-18-06:50:10 情報 com.github.saka1029.gis.height.Debug write: 29101-12897-15.png
2018-06-18-06:50:10 情報 com.github.saka1029.gis.height.Debug write: 29102-12898-15.png
2018-06-18-06:50:10 情報 com.github.saka1029.gis.height.Debug write: 29103-12899-15.png
2018-06-18-06:50:10 情報 com.github.saka1029.gis.height.Debug write: 29098-12903-15.png
2018-06-18-06:50:10 情報 com.github.saka1029.gis.height.Debug write: 29093-12904-15.png
2018-06-18-06:50:10 情報 com.github.saka1029.gis.height.Debug write: 29096-12901-15.png
2018-06-18-06:50:10 情報 com.github.saka1029.gis.height.Debug write: 29097-12900-15.png
2018-06-18-06:50:10 情報 com.github.saka1029.gis.height.Debug write: 29099-12902-15.png
2018-06-18-06:50:10 情報 com.github.saka1029.gis.height.Debug write: 29100-12897-15.png
2018-06-18-06:50:11 情報 com.github.saka1029.gis.height.Debug write: 29101-12896-15.png
2018-06-18-06:50:11 情報 com.github.saka1029.gis.height.Debug write: 29102-12899-15.png
2018-06-18-06:50:11 情報 com.github.saka1029.gis.height.Debug write: 29103-12898-15.png
2018-06-18-06:50:11 情報 com.github.saka1029.gis.height.Debug write: 29098-12900-15.png
2018-06-18-06:50:11 情報 com.github.saka1029.gis.height.Debug write: 29094-12904-15.png
2018-06-18-06:50:11 情報 com.github.saka1029.gis.height.Debug write: 29096-12902-15.png
2018-06-18-06:50:11 情報 com.github.saka1029.gis.height.Debug write: 29097-12903-15.png
2018-06-18-06:50:11 情報 com.github.saka1029.gis.height.Debug write: 29099-12901-15.png
2018-06-18-06:50:11 情報 com.github.saka1029.gis.height.Debug write: 29100-12898-15.png
2018-06-18-06:50:11 情報 com.github.saka1029.gis.height.Debug write: 29101-12899-15.png
2018-06-18-06:50:12 情報 com.github.saka1029.gis.height.Debug write: 29102-12896-15.png
2018-06-18-06:50:12 情報 com.github.saka1029.gis.height.Debug write: 29103-12897-15.png
2018-06-18-06:50:12 情報 com.github.saka1029.gis.height.Debug write: 29098-12901-15.png
2018-06-18-06:50:12 情報 com.github.saka1029.gis.height.Debug write: 29095-12904-15.png
2018-06-18-06:50:12 情報 com.github.saka1029.gis.height.Debug write: 29096-12903-15.png
2018-06-18-06:50:12 情報 com.github.saka1029.gis.height.Debug write: 29097-12902-15.png
2018-06-18-06:50:12 情報 com.github.saka1029.gis.height.Debug write: 29099-12900-15.png
2018-06-18-06:50:12 情報 com.github.saka1029.gis.height.Debug write: 29100-12899-15.png
2018-06-18-06:50:12 情報 com.github.saka1029.gis.height.Debug write: 29101-12898-15.png
2018-06-18-06:50:12 情報 com.github.saka1029.gis.height.Debug write: 29102-12897-15.png
2018-06-18-06:50:13 情報 com.github.saka1029.gis.height.Debug write: 29103-12896-15.png
2018-06-18-06:50:13 情報 com.github.saka1029.gis.height.Debug write: 29104-12896-15.png
2018-06-18-06:50:13 情報 com.github.saka1029.gis.height.Debug write: 29104-12897-15.png
2018-06-18-06:50:13 情報 com.github.saka1029.gis.height.Debug write: 29104-12898-15.png
2018-06-18-06:50:13 情報 com.github.saka1029.gis.height.Debug write: 29104-12899-15.png
2018-06-18-06:50:13 情報 com.github.saka1029.gis.height.Debug write: 29104-12900-15.png
2018-06-18-06:50:13 情報 com.github.saka1029.gis.height.Debug write: 29104-12901-15.png
2018-06-18-06:50:13 情報 com.github.saka1029.gis.height.Debug write: 29104-12902-15.png
2018-06-18-06:50:13 情報 com.github.saka1029.gis.height.Debug write: 29104-12903-15.png
2018-06-18-06:50:13 情報 com.github.saka1029.gis.height.Debug write: 29104-12904-15.png
2018-06-18-06:50:13 情報 com.github.saka1029.gis.height.Debug write: 29104-12895-15.png
2018-06-18-06:50:13 情報 com.github.saka1029.gis.height.Debug write: 29103-12895-15.png
2018-06-18-06:50:13 情報 com.github.saka1029.gis.height.Debug write: 29102-12895-15.png
2018-06-18-06:50:13 情報 com.github.saka1029.gis.height.Debug write: 29101-12895-15.png
2018-06-18-06:50:13 情報 com.github.saka1029.gis.height.Debug write: 29100-12895-15.png
2018-06-18-06:50:13 情報 com.github.saka1029.gis.height.Debug write: 29099-12895-15.png
2018-06-18-06:50:14 情報 com.github.saka1029.gis.height.Debug write: 29098-12895-15.png
2018-06-18-06:50:14 情報 com.github.saka1029.gis.height.Debug write: 29097-12895-15.png
2018-06-18-06:50:14 情報 com.github.saka1029.gis.height.Debug write: 29096-12895-15.png
2018-06-18-06:50:14 情報 com.github.saka1029.gis.height.Debug write: 29095-12895-15.png
2018-06-18-06:50:14 情報 com.github.saka1029.gis.height.Debug write: 29094-12895-15.png
2018-06-18-06:50:14 情報 com.github.saka1029.gis.height.Debug write: 29093-12895-15.png
2018-06-18-06:50:14 情報 com.github.saka1029.gis.height.Debug write: 29092-12895-15.png
2018-06-18-06:50:14 情報 com.github.saka1029.gis.height.Debug dump: end
2018-06-18-06:50:14 情報 com.github.saka1029.gis.height.Debug renderHtml: start
2018-06-18-06:50:14 情報 com.github.saka1029.gis.height.Debug renderHtml: image count = 130
2018-06-18-06:50:14 情報 com.github.saka1029.gis.height.Debug renderHtml: table size = (10, 13)
2018-06-18-06:50:14 情報 com.github.saka1029.gis.height.Debug renderHtml: end
